<?xml version="1.0" encoding="UTF-8"?>
<!-- Generated by org.testng.reporters.JUnitXMLReporter -->
<testsuite hostname="ADMINISTRATOR" ignored="0" name="Default test" tests="3" failures="0" timestamp="02 Aug 2018 16:03:08 GMT" time="55.194" errors="0">
  <testcase name="test_New_Customer_Can_Be_Created" time="8.039" classname="Guru99.TestGuru"/>
  <testcase name="test_New_Account_Can_Be_Created_Based_On_New_Customer" time="7.09" classname="Guru99.TestGuru"/>
  <testcase name="test_Deposit_Work_Fine_With_New_Account" time="9.785" classname="Guru99.TestGuru"/>
</testsuite> <!-- Default test -->
