<?xml version="1.0" encoding="UTF-8"?>
<testng-results skipped="0" failed="0" ignored="0" total="3" passed="3">
  <reporter-output>
  </reporter-output>
  <suite name="Default suite" duration-ms="55194" started-at="2018-08-02T16:02:13Z" finished-at="2018-08-02T16:03:08Z">
    <groups>
    </groups>
    <test name="Default test" duration-ms="55194" started-at="2018-08-02T16:02:13Z" finished-at="2018-08-02T16:03:08Z">
      <class name="Guru99.TestGuru">
        <test-method status="PASS" signature="setup()[pri:0, instance:Guru99.TestGuru@3532ec19]" name="setup" is-config="true" duration-ms="9848" started-at="2018-08-02T16:02:13Z" finished-at="2018-08-02T16:02:23Z">
          <reporter-output>
          </reporter-output>
        </test-method> <!-- setup -->
        <test-method status="PASS" signature="test_New_Customer_Can_Be_Created()[pri:0, instance:Guru99.TestGuru@3532ec19]" name="test_New_Customer_Can_Be_Created" duration-ms="8039" started-at="2018-08-02T16:02:23Z" finished-at="2018-08-02T16:02:31Z">
          <reporter-output>
          </reporter-output>
        </test-method> <!-- test_New_Customer_Can_Be_Created -->
        <test-method status="PASS" signature="tearDown()[pri:0, instance:Guru99.TestGuru@3532ec19]" name="tearDown" is-config="true" duration-ms="712" started-at="2018-08-02T16:02:31Z" finished-at="2018-08-02T16:02:32Z">
          <reporter-output>
          </reporter-output>
        </test-method> <!-- tearDown -->
        <test-method status="PASS" signature="setup()[pri:0, instance:Guru99.TestGuru@3532ec19]" name="setup" is-config="true" duration-ms="9293" started-at="2018-08-02T16:02:32Z" finished-at="2018-08-02T16:02:41Z">
          <reporter-output>
          </reporter-output>
        </test-method> <!-- setup -->
        <test-method status="PASS" signature="test_New_Account_Can_Be_Created_Based_On_New_Customer()[pri:1, instance:Guru99.TestGuru@3532ec19]" name="test_New_Account_Can_Be_Created_Based_On_New_Customer" duration-ms="7090" started-at="2018-08-02T16:02:41Z" finished-at="2018-08-02T16:02:48Z">
          <reporter-output>
          </reporter-output>
        </test-method> <!-- test_New_Account_Can_Be_Created_Based_On_New_Customer -->
        <test-method status="PASS" signature="tearDown()[pri:0, instance:Guru99.TestGuru@3532ec19]" name="tearDown" is-config="true" duration-ms="752" started-at="2018-08-02T16:02:48Z" finished-at="2018-08-02T16:02:49Z">
          <reporter-output>
          </reporter-output>
        </test-method> <!-- tearDown -->
        <test-method status="PASS" signature="setup()[pri:0, instance:Guru99.TestGuru@3532ec19]" name="setup" is-config="true" duration-ms="8939" started-at="2018-08-02T16:02:49Z" finished-at="2018-08-02T16:02:58Z">
          <reporter-output>
          </reporter-output>
        </test-method> <!-- setup -->
        <test-method status="PASS" signature="test_Deposit_Work_Fine_With_New_Account()[pri:2, instance:Guru99.TestGuru@3532ec19]" name="test_Deposit_Work_Fine_With_New_Account" duration-ms="9785" started-at="2018-08-02T16:02:58Z" finished-at="2018-08-02T16:03:08Z">
          <reporter-output>
          </reporter-output>
        </test-method> <!-- test_Deposit_Work_Fine_With_New_Account -->
        <test-method status="PASS" signature="tearDown()[pri:0, instance:Guru99.TestGuru@3532ec19]" name="tearDown" is-config="true" duration-ms="689" started-at="2018-08-02T16:03:08Z" finished-at="2018-08-02T16:03:08Z">
          <reporter-output>
          </reporter-output>
        </test-method> <!-- tearDown -->
      </class> <!-- Guru99.TestGuru -->
    </test> <!-- Default test -->
  </suite> <!-- Default suite -->
</testng-results>
